<?xml version="1.0" encoding="UTF-8"?>
<!-- Generated by org.testng.reporters.JUnitXMLReporter -->
<testsuite hostname="BL4CK" ignored="6" name="Test" tests="5" failures="1" timestamp="2019-10-25T18:14:13 PST" time="3.779" errors="0">
  <testcase name="sampleTestOne" time="0.048" classname="Framework.Appium_UD4N.test.ApiDemoTest1"/>
  <testcase name="changelog" time="0.007" classname="Framework.Appium_UD4N.test.ApiDemoTest2"/>
  <testcase name="appDemo" time="0.166" classname="Framework.Appium_UD4N.test.ApiDemoTest3">
    <failure type="java.lang.IndexOutOfBoundsException" message="Index: 1, Size: 0">
      <![CDATA[java.lang.IndexOutOfBoundsException: Index: 1, Size: 0
at java.util.ArrayList.rangeCheck(ArrayList.java:657)
at java.util.ArrayList.get(ArrayList.java:433)
at Framework.Appium_UD4N.test.ApiDemoTest3.appDemo(ApiDemoTest3.java:41)
at java.util.ArrayList.forEach(ArrayList.java:1257)
... Removed 27 stack frames]]>
    </failure>
  </testcase> <!-- appDemo -->
  <testcase name="appinvite" time="0.252" classname="Framework.Appium_UD4N.test.ApiDemoTest3"/>
  <testcase name="click" time="3.161" classname="Framework.Appium_UD4N.test.ApiDemoTest3"/>
  <testcase name="@BeforeSuite setUP" time="0.0" classname="Framework.Appium_UD4N.core.Core">
    <ignored/>
  </testcase> <!-- @BeforeSuite setUP -->
  <testcase name="@BeforeSuite setUP" time="0.0" classname="Framework.Appium_UD4N.core.Core">
    <ignored/>
  </testcase> <!-- @BeforeSuite setUP -->
  <testcase name="@BeforeSuite startReport" time="0.0" classname="Framework.Appium_UD4N.core.Core">
    <ignored/>
  </testcase> <!-- @BeforeSuite startReport -->
  <testcase name="@BeforeSuite startReport" time="0.0" classname="Framework.Appium_UD4N.core.Core">
    <ignored/>
  </testcase> <!-- @BeforeSuite startReport -->
  <testcase name="@AfterSuite tearDown" time="0.0" classname="Framework.Appium_UD4N.core.Core">
    <ignored/>
  </testcase> <!-- @AfterSuite tearDown -->
  <testcase name="@AfterSuite tearDown" time="0.0" classname="Framework.Appium_UD4N.core.Core">
    <ignored/>
  </testcase> <!-- @AfterSuite tearDown -->
</testsuite> <!-- Test -->
