<?xml version="1.0" encoding="UTF-8"?>
<testng-results skipped="0" failed="1" ignored="6" total="11" passed="4">
  <reporter-output>
  </reporter-output>
  <suite name="Suite" duration-ms="3779" started-at="2019-10-25T18:14:09 PST" finished-at="2019-10-25T18:14:13 PST">
    <groups>
    </groups>
    <test name="Test" duration-ms="3779" started-at="2019-10-25T18:14:09 PST" finished-at="2019-10-25T18:14:13 PST">
      <class name="Framework.Appium_UD4N.test.ApiDemoTest3">
        <test-method status="FAIL" signature="appDemo()[pri:0, instance:Framework.Appium_UD4N.test.ApiDemoTest3@1786dec2]" name="appDemo" duration-ms="166" started-at="2019-10-25T18:14:09 PST" finished-at="2019-10-25T18:14:09 PST">
          <exception class="java.lang.IndexOutOfBoundsException">
            <message>
              <![CDATA[Index: 1, Size: 0]]>
            </message>
            <full-stacktrace>
              <![CDATA[java.lang.IndexOutOfBoundsException: Index: 1, Size: 0
at java.util.ArrayList.rangeCheck(ArrayList.java:657)
at java.util.ArrayList.get(ArrayList.java:433)
at Framework.Appium_UD4N.test.ApiDemoTest3.appDemo(ApiDemoTest3.java:41)
at sun.reflect.NativeMethodAccessorImpl.invoke0(Native Method)
at sun.reflect.NativeMethodAccessorImpl.invoke(NativeMethodAccessorImpl.java:62)
at sun.reflect.DelegatingMethodAccessorImpl.invoke(DelegatingMethodAccessorImpl.java:43)
at java.lang.reflect.Method.invoke(Method.java:498)
at org.testng.internal.MethodInvocationHelper.invokeMethod(MethodInvocationHelper.java:133)
at org.testng.internal.TestInvoker.invokeMethod(TestInvoker.java:584)
at org.testng.internal.TestInvoker.invokeTestMethod(TestInvoker.java:172)
at org.testng.internal.MethodRunner.runInSequence(MethodRunner.java:46)
at org.testng.internal.TestInvoker$MethodInvocationAgent.invoke(TestInvoker.java:804)
at org.testng.internal.TestInvoker.invokeTestMethods(TestInvoker.java:145)
at org.testng.internal.TestMethodWorker.invokeTestMethods(TestMethodWorker.java:146)
at org.testng.internal.TestMethodWorker.run(TestMethodWorker.java:128)
at java.util.ArrayList.forEach(ArrayList.java:1257)
at org.testng.TestRunner.privateRun(TestRunner.java:770)
at org.testng.TestRunner.run(TestRunner.java:591)
at org.testng.SuiteRunner.runTest(SuiteRunner.java:402)
at org.testng.SuiteRunner.runSequentially(SuiteRunner.java:396)
at org.testng.SuiteRunner.privateRun(SuiteRunner.java:355)
at org.testng.SuiteRunner.run(SuiteRunner.java:304)
at org.testng.SuiteRunnerWorker.runSuite(SuiteRunnerWorker.java:53)
at org.testng.SuiteRunnerWorker.run(SuiteRunnerWorker.java:96)
at org.testng.TestNG.runSuitesSequentially(TestNG.java:1180)
at org.testng.TestNG.runSuitesLocally(TestNG.java:1102)
at org.testng.TestNG.runSuites(TestNG.java:1032)
at org.testng.TestNG.run(TestNG.java:1000)
at org.testng.remote.AbstractRemoteTestNG.run(AbstractRemoteTestNG.java:115)
at org.testng.remote.RemoteTestNG.initAndRun(RemoteTestNG.java:251)
at org.testng.remote.RemoteTestNG.main(RemoteTestNG.java:77)
]]>
            </full-stacktrace>
          </exception> <!-- java.lang.IndexOutOfBoundsException -->
          <reporter-output>
          </reporter-output>
        </test-method> <!-- appDemo -->
        <test-method status="PASS" signature="appinvite()[pri:0, instance:Framework.Appium_UD4N.test.ApiDemoTest3@1786dec2]" name="appinvite" duration-ms="252" started-at="2019-10-25T18:14:09 PST" finished-at="2019-10-25T18:14:10 PST">
          <reporter-output>
          </reporter-output>
        </test-method> <!-- appinvite -->
        <test-method status="PASS" signature="click()[pri:0, instance:Framework.Appium_UD4N.test.ApiDemoTest3@1786dec2]" name="click" duration-ms="3161" started-at="2019-10-25T18:14:10 PST" finished-at="2019-10-25T18:14:13 PST">
          <reporter-output>
          </reporter-output>
        </test-method> <!-- click -->
      </class> <!-- Framework.Appium_UD4N.test.ApiDemoTest3 -->
      <class name="Framework.Appium_UD4N.test.ApiDemoTest1">
        <test-method status="PASS" signature="setUP()[pri:0, instance:Framework.Appium_UD4N.test.ApiDemoTest1@53f65459]" name="setUP" is-config="true" duration-ms="34140" started-at="2019-10-25T18:13:35 PST" finished-at="2019-10-25T18:14:09 PST">
          <reporter-output>
          </reporter-output>
        </test-method> <!-- setUP -->
        <test-method status="PASS" signature="startReport()[pri:0, instance:Framework.Appium_UD4N.test.ApiDemoTest1@53f65459]" name="startReport" is-config="true" duration-ms="362" started-at="2019-10-25T18:14:09 PST" finished-at="2019-10-25T18:14:09 PST">
          <reporter-output>
          </reporter-output>
        </test-method> <!-- startReport -->
        <test-method status="PASS" signature="sampleTestOne()[pri:0, instance:Framework.Appium_UD4N.test.ApiDemoTest1@53f65459]" name="sampleTestOne" duration-ms="48" started-at="2019-10-25T18:14:09 PST" finished-at="2019-10-25T18:14:09 PST">
          <reporter-output>
          </reporter-output>
        </test-method> <!-- sampleTestOne -->
        <test-method status="PASS" signature="tearDown()[pri:0, instance:Framework.Appium_UD4N.test.ApiDemoTest1@53f65459]" name="tearDown" is-config="true" duration-ms="3439" started-at="2019-10-25T18:14:13 PST" finished-at="2019-10-25T18:14:16 PST">
          <reporter-output>
          </reporter-output>
        </test-method> <!-- tearDown -->
      </class> <!-- Framework.Appium_UD4N.test.ApiDemoTest1 -->
      <class name="Framework.Appium_UD4N.test.ApiDemoTest2">
        <test-method status="PASS" signature="changelog()[pri:0, instance:Framework.Appium_UD4N.test.ApiDemoTest2@3b088d51]" name="changelog" duration-ms="7" started-at="2019-10-25T18:14:09 PST" finished-at="2019-10-25T18:14:09 PST">
          <reporter-output>
          </reporter-output>
        </test-method> <!-- changelog -->
      </class> <!-- Framework.Appium_UD4N.test.ApiDemoTest2 -->
    </test> <!-- Test -->
  </suite> <!-- Suite -->
</testng-results>
