<?xml version="1.0" encoding="UTF-8"?>
<testng-results skipped="0" failed="0" ignored="0" total="2" passed="2">
  <reporter-output>
  </reporter-output>
  <suite name="Suite" duration-ms="36937" started-at="2019-10-31T00:09:44 PST" finished-at="2019-10-31T00:10:21 PST">
    <groups>
    </groups>
    <test name="Test" duration-ms="36937" started-at="2019-10-31T00:09:44 PST" finished-at="2019-10-31T00:10:21 PST">
      <class name="Framework.Appium_UD4N.test.ApiDemoTest2">
        <test-method status="PASS" signature="startReport()[pri:0, instance:Framework.Appium_UD4N.test.ApiDemoTest2@53f65459]" name="startReport" is-config="true" duration-ms="317" started-at="2019-10-31T00:09:43 PST" finished-at="2019-10-31T00:09:44 PST">
          <reporter-output>
          </reporter-output>
        </test-method> <!-- startReport -->
        <test-method status="PASS" signature="setUP()[pri:0, instance:Framework.Appium_UD4N.test.ApiDemoTest2@53f65459]" name="setUP" is-config="true" duration-ms="17475" started-at="2019-10-31T00:09:44 PST" finished-at="2019-10-31T00:10:01 PST">
          <reporter-output>
          </reporter-output>
        </test-method> <!-- setUP -->
        <test-method status="PASS" signature="apiDemos1()[pri:0, instance:Framework.Appium_UD4N.test.ApiDemoTest2@53f65459]" name="apiDemos1" duration-ms="10662" started-at="2019-10-31T00:10:01 PST" finished-at="2019-10-31T00:10:12 PST">
          <reporter-output>
          </reporter-output>
        </test-method> <!-- apiDemos1 -->
        <test-method status="PASS" signature="apiDemosAnimation()[pri:0, instance:Framework.Appium_UD4N.test.ApiDemoTest2@53f65459]" name="apiDemosAnimation" duration-ms="7883" started-at="2019-10-31T00:10:12 PST" finished-at="2019-10-31T00:10:20 PST">
          <reporter-output>
          </reporter-output>
        </test-method> <!-- apiDemosAnimation -->
        <test-method status="PASS" signature="quitdriver()[pri:0, instance:Framework.Appium_UD4N.test.ApiDemoTest2@53f65459]" name="quitdriver" is-config="true" duration-ms="809" started-at="2019-10-31T00:10:20 PST" finished-at="2019-10-31T00:10:21 PST">
          <reporter-output>
          </reporter-output>
        </test-method> <!-- quitdriver -->
        <test-method status="PASS" signature="tearDown()[pri:0, instance:Framework.Appium_UD4N.test.ApiDemoTest2@53f65459]" name="tearDown" is-config="true" duration-ms="1437" started-at="2019-10-31T00:10:21 PST" finished-at="2019-10-31T00:10:22 PST">
          <reporter-output>
          </reporter-output>
        </test-method> <!-- tearDown -->
      </class> <!-- Framework.Appium_UD4N.test.ApiDemoTest2 -->
    </test> <!-- Test -->
  </suite> <!-- Suite -->
</testng-results>
